[2022-11-30 02:51:59 PM-train.py-INFO:epoch: 1, dataset: CVC-300, dice: 0.05684666666666666]
[2022-11-30 02:52:03 PM-train.py-INFO:epoch: 1, dataset: CVC-ClinicDB, dice: 0.11474677419354837]
[2022-11-30 02:52:09 PM-train.py-INFO:epoch: 1, dataset: Kvasir, dice: 0.2131310000000001]
[2022-11-30 02:52:31 PM-train.py-INFO:epoch: 1, dataset: CVC-ColonDB, dice: 0.09451131578947358]
[2022-11-30 02:52:49 PM-train.py-INFO:epoch: 1, dataset: ETIS-LaribPolypDB, dice: 0.0802045918367347]
[2022-11-30 02:53:42 PM-train.py-INFO:##############################################################################best:0.10460225563909771]
[2022-11-30 02:53:59 PM-train.py-INFO:epoch: 2, dataset: CVC-300, dice: 0.05684666666666666]
[2022-11-30 02:54:01 PM-train.py-INFO:epoch: 2, dataset: CVC-ClinicDB, dice: 0.11474677419354837]
[2022-11-30 02:54:07 PM-train.py-INFO:epoch: 2, dataset: Kvasir, dice: 0.2131310000000001]
[2022-11-30 02:54:27 PM-train.py-INFO:epoch: 2, dataset: CVC-ColonDB, dice: 0.09451131578947358]
[2022-11-30 02:54:45 PM-train.py-INFO:epoch: 2, dataset: ETIS-LaribPolypDB, dice: 0.0802045918367347]
[2022-11-30 02:55:54 PM-train.py-INFO:epoch: 3, dataset: CVC-300, dice: 0.05684666666666666]
[2022-11-30 02:55:57 PM-train.py-INFO:epoch: 3, dataset: CVC-ClinicDB, dice: 0.11474677419354837]
[2022-11-30 02:56:02 PM-train.py-INFO:epoch: 3, dataset: Kvasir, dice: 0.2131310000000001]
[2022-11-30 03:02:56 PM-train.py-INFO:epoch: 1, dataset: CVC-300, dice: 0.131765]
[2022-11-30 03:02:59 PM-train.py-INFO:epoch: 1, dataset: CVC-ClinicDB, dice: 0.26857419354838713]
[2022-11-30 03:03:04 PM-train.py-INFO:epoch: 1, dataset: Kvasir, dice: 0.349708]
[2022-11-30 03:03:30 PM-train.py-INFO:epoch: 1, dataset: CVC-ColonDB, dice: 0.18058789473684225]
[2022-11-30 03:03:50 PM-train.py-INFO:epoch: 1, dataset: ETIS-LaribPolypDB, dice: 0.1310198979591837]
[2022-11-30 03:04:42 PM-train.py-INFO:##############################################################################best:0.19277142857142843]
[2022-11-30 03:10:21 PM-train.py-INFO:epoch: 2, dataset: CVC-300, dice: 0.17583000000000007]
[2022-11-30 03:10:24 PM-train.py-INFO:epoch: 2, dataset: CVC-ClinicDB, dice: 0.3793080645161289]
[2022-11-30 03:10:29 PM-train.py-INFO:epoch: 2, dataset: Kvasir, dice: 0.40346]
[2022-11-30 03:10:50 PM-train.py-INFO:epoch: 2, dataset: CVC-ColonDB, dice: 0.21985026315789472]
[2022-11-30 03:11:09 PM-train.py-INFO:epoch: 2, dataset: ETIS-LaribPolypDB, dice: 0.16408877551020412]
[2022-11-30 03:12:01 PM-train.py-INFO:##############################################################################best:0.2382423558897239]
